[INFO] Scanning for projects...
[INFO] 
[INFO] ------------< com.regnosys.rosetta.code-generators:python >-------------
[INFO] Building code-gen-python 0.0.0.main-SNAPSHOT
[INFO]   from pom.xml
[INFO] --------------------------------[ jar ]---------------------------------
[INFO] 
[INFO] --- enforcer:3.6.2:enforce (enforce-java) @ python ---
[INFO] Rule 0: org.apache.maven.enforcer.rules.version.RequireJavaVersion passed
[INFO] Rule 1: org.apache.maven.enforcer.rules.dependency.BannedDependencies passed
[INFO] Rule 2: org.apache.maven.enforcer.rules.version.RequireMavenVersion passed
[INFO] 
[INFO] --- xtend:2.38.0:compile (Generate xtend sources) @ python ---
[INFO] 
[INFO] --- resources:3.3.1:resources (default-resources) @ python ---
[INFO] skip non existing resourceDirectory /Users/dls/projects/rune/rune-python-generator/FINOS/rune-python-generator/src/main/resources
[INFO] 
[INFO] --- compiler:3.14.1:compile (default-compile) @ python ---
[INFO] Nothing to compile - all classes are up to date.
[INFO] 
[INFO] --- xtend:2.38.0:testCompile (Generate xtend test sources) @ python ---
[WARNING] 
WARNING: 	RosettaExistsExpressionTest.xtend - /Users/dls/projects/rune/rune-python-generator/FINOS/rune-python-generator/src/test/java/com/regnosys/rosetta/generator/python/expressions/RosettaExistsExpressionTest.xtend
21: The value of the local variable pythonString is not used
[INFO] 
[INFO] --- checkstyle:3.6.0:check (Check style) @ python ---
[INFO] Starting audit...
[WARN] /Users/dls/projects/rune/rune-python-generator/FINOS/rune-python-generator/src/main/java/com/regnosys/rosetta/generator/python/util/PythonCodeGeneratorUtil.java:9:1: Utility classes should not have a public or default constructor. [HideUtilityClassConstructor]
[WARN] /Users/dls/projects/rune/rune-python-generator/FINOS/rune-python-generator/src/main/java/com/regnosys/rosetta/generator/python/util/PythonCodeGeneratorUtil.java:93: Line is longer than 120 characters (found 135). [LineLength]
[WARN] /Users/dls/projects/rune/rune-python-generator/FINOS/rune-python-generator/src/main/java/com/regnosys/rosetta/generator/python/util/PythonCodeGeneratorUtil.java:94: Line is longer than 120 characters (found 156). [LineLength]
[WARN] /Users/dls/projects/rune/rune-python-generator/FINOS/rune-python-generator/src/main/java/com/regnosys/rosetta/generator/python/util/PythonCodeGeneratorUtil.java:127:55: '+' should be on a new line. [OperatorWrap]
[WARN] /Users/dls/projects/rune/rune-python-generator/FINOS/rune-python-generator/src/main/java/com/regnosys/rosetta/generator/python/util/PythonCodeGeneratorUtil.java:128:55: '+' should be on a new line. [OperatorWrap]
[WARN] /Users/dls/projects/rune/rune-python-generator/FINOS/rune-python-generator/src/main/java/com/regnosys/rosetta/generator/python/util/PythonCodeGeneratorUtil.java:129:53: '+' should be on a new line. [OperatorWrap]
[WARN] /Users/dls/projects/rune/rune-python-generator/FINOS/rune-python-generator/src/main/java/com/regnosys/rosetta/generator/python/util/PythonCodeWriter.java:9:5: Missing a Javadoc comment. [JavadocVariable]
[WARN] /Users/dls/projects/rune/rune-python-generator/FINOS/rune-python-generator/src/main/java/com/regnosys/rosetta/generator/python/util/PythonCodeWriter.java:10:5: Missing a Javadoc comment. [JavadocVariable]
[WARN] /Users/dls/projects/rune/rune-python-generator/FINOS/rune-python-generator/src/main/java/com/regnosys/rosetta/generator/python/util/PythonCodeWriter.java:11:5: Missing a Javadoc comment. [JavadocVariable]
[WARN] /Users/dls/projects/rune/rune-python-generator/FINOS/rune-python-generator/src/main/java/com/regnosys/rosetta/generator/python/util/PythonCodeWriter.java:54:9: 'if' construct must use '{}'s. [NeedBraces]
[WARN] /Users/dls/projects/rune/rune-python-generator/FINOS/rune-python-generator/src/main/java/com/regnosys/rosetta/generator/python/util/PythonCodeWriter.java:103:5: Class 'PythonCodeWriter' looks like designed for extension (can be subclassed), but the method 'toString' does not have javadoc that explains how to do that safely. If class is not designed for extension consider making the class 'PythonCodeWriter' final or making the method 'toString' static/final/abstract/empty, or adding allowed annotation for the method. [DesignForExtension]
[WARN] /Users/dls/projects/rune/rune-python-generator/FINOS/rune-python-generator/src/main/java/com/regnosys/rosetta/generator/python/util/RuneToPythonMapper.java:15:1: Class RuneToPythonMapper should be declared as final. [FinalClass]
[WARN] /Users/dls/projects/rune/rune-python-generator/FINOS/rune-python-generator/src/main/java/com/regnosys/rosetta/generator/python/util/RuneToPythonMapper.java:16:5: Missing a Javadoc comment. [JavadocVariable]
[WARN] /Users/dls/projects/rune/rune-python-generator/FINOS/rune-python-generator/src/main/java/com/regnosys/rosetta/generator/python/util/RuneToPythonMapper.java:152:37: Avoid inline conditionals. [AvoidInlineConditionals]
[WARN] /Users/dls/projects/rune/rune-python-generator/FINOS/rune-python-generator/src/main/java/com/regnosys/rosetta/generator/python/util/RuneToPythonMapper.java:162:9: 'if' construct must use '{}'s. [NeedBraces]
[WARN] /Users/dls/projects/rune/rune-python-generator/FINOS/rune-python-generator/src/main/java/com/regnosys/rosetta/generator/python/util/RuneToPythonMapper.java:168:52: Avoid inline conditionals. [AvoidInlineConditionals]
[WARN] /Users/dls/projects/rune/rune-python-generator/FINOS/rune-python-generator/src/main/java/com/regnosys/rosetta/generator/python/util/RuneToPythonMapper.java:204:29: Avoid inline conditionals. [AvoidInlineConditionals]
[WARN] /Users/dls/projects/rune/rune-python-generator/FINOS/rune-python-generator/src/main/java/com/regnosys/rosetta/generator/python/DefaultExternalGeneratorsProvider.java:1: File does not end with a newline. [NewlineAtEndOfFile]
[WARN] /Users/dls/projects/rune/rune-python-generator/FINOS/rune-python-generator/src/main/java/com/regnosys/rosetta/generator/python/DefaultExternalGeneratorsProvider.java:14:5: Missing a Javadoc comment. [JavadocVariable]
[WARN] /Users/dls/projects/rune/rune-python-generator/FINOS/rune-python-generator/src/main/java/com/regnosys/rosetta/generator/python/DefaultExternalGeneratorsProvider.java:24:9: Missing a Javadoc comment. [JavadocVariable]
[WARN] /Users/dls/projects/rune/rune-python-generator/FINOS/rune-python-generator/src/main/java/com/regnosys/rosetta/generator/python/PythonCodeGenerator.java:1: File does not end with a newline. [NewlineAtEndOfFile]
[WARN] /Users/dls/projects/rune/rune-python-generator/FINOS/rune-python-generator/src/main/java/com/regnosys/rosetta/generator/python/PythonCodeGenerator.java:2:3: Comment matches to-do format 'TODO:'. [TodoComment]
[WARN] /Users/dls/projects/rune/rune-python-generator/FINOS/rune-python-generator/src/main/java/com/regnosys/rosetta/generator/python/PythonCodeGenerator.java:4: Line is longer than 120 characters (found 125). [LineLength]
[WARN] /Users/dls/projects/rune/rune-python-generator/FINOS/rune-python-generator/src/main/java/com/regnosys/rosetta/generator/python/PythonCodeGenerator.java:4:3: Comment matches to-do format 'TODO:'. [TodoComment]
[WARN] /Users/dls/projects/rune/rune-python-generator/FINOS/rune-python-generator/src/main/java/com/regnosys/rosetta/generator/python/PythonCodeGenerator.java:5:3: Comment matches to-do format 'TODO:'. [TodoComment]
[WARN] /Users/dls/projects/rune/rune-python-generator/FINOS/rune-python-generator/src/main/java/com/regnosys/rosetta/generator/python/PythonCodeGenerator.java:6:3: Comment matches to-do format 'TODO:'. [TodoComment]
[WARN] /Users/dls/projects/rune/rune-python-generator/FINOS/rune-python-generator/src/main/java/com/regnosys/rosetta/generator/python/PythonCodeGenerator.java:7:3: Comment matches to-do format 'TODO:'. [TodoComment]
[WARN] /Users/dls/projects/rune/rune-python-generator/FINOS/rune-python-generator/src/main/java/com/regnosys/rosetta/generator/python/PythonCodeGenerator.java:27:17: Using the '.*' form of import should be avoided - java.util.*. [AvoidStarImport]
[WARN] /Users/dls/projects/rune/rune-python-generator/FINOS/rune-python-generator/src/main/java/com/regnosys/rosetta/generator/python/PythonCodeGenerator.java:85:5: Missing a Javadoc comment. [JavadocVariable]
[WARN] /Users/dls/projects/rune/rune-python-generator/FINOS/rune-python-generator/src/main/java/com/regnosys/rosetta/generator/python/PythonCodeGenerator.java:87:5: Missing a Javadoc comment. [JavadocVariable]
[WARN] /Users/dls/projects/rune/rune-python-generator/FINOS/rune-python-generator/src/main/java/com/regnosys/rosetta/generator/python/PythonCodeGenerator.java:89:5: Missing a Javadoc comment. [JavadocVariable]
[WARN] /Users/dls/projects/rune/rune-python-generator/FINOS/rune-python-generator/src/main/java/com/regnosys/rosetta/generator/python/PythonCodeGenerator.java:91:5: Missing a Javadoc comment. [JavadocVariable]
[WARN] /Users/dls/projects/rune/rune-python-generator/FINOS/rune-python-generator/src/main/java/com/regnosys/rosetta/generator/python/PythonCodeGenerator.java:94:5: Missing a Javadoc comment. [JavadocVariable]
[WARN] /Users/dls/projects/rune/rune-python-generator/FINOS/rune-python-generator/src/main/java/com/regnosys/rosetta/generator/python/PythonCodeGenerator.java:95:5: Missing a Javadoc comment. [JavadocVariable]
[WARN] /Users/dls/projects/rune/rune-python-generator/FINOS/rune-python-generator/src/main/java/com/regnosys/rosetta/generator/python/PythonCodeGenerator.java:101:5: Class 'PythonCodeGenerator' looks like designed for extension (can be subclassed), but the method 'beforeAllGenerate' does not have javadoc that explains how to do that safely. If class is not designed for extension consider making the class 'PythonCodeGenerator' final or making the method 'beforeAllGenerate' static/final/abstract/empty, or adding allowed annotation for the method. [DesignForExtension]
[WARN] /Users/dls/projects/rune/rune-python-generator/FINOS/rune-python-generator/src/main/java/com/regnosys/rosetta/generator/python/PythonCodeGenerator.java:110:5: Class 'PythonCodeGenerator' looks like designed for extension (can be subclassed), but the method 'generate' does not have javadoc that explains how to do that safely. If class is not designed for extension consider making the class 'PythonCodeGenerator' final or making the method 'generate' static/final/abstract/empty, or adding allowed annotation for the method. [DesignForExtension]
[WARN] /Users/dls/projects/rune/rune-python-generator/FINOS/rune-python-generator/src/main/java/com/regnosys/rosetta/generator/python/PythonCodeGenerator.java:129:39: '||' should be on a new line. [OperatorWrap]
[WARN] /Users/dls/projects/rune/rune-python-generator/FINOS/rune-python-generator/src/main/java/com/regnosys/rosetta/generator/python/PythonCodeGenerator.java:130:42: '||' should be on a new line. [OperatorWrap]
[WARN] /Users/dls/projects/rune/rune-python-generator/FINOS/rune-python-generator/src/main/java/com/regnosys/rosetta/generator/python/PythonCodeGenerator.java:131:41: '||' should be on a new line. [OperatorWrap]
[WARN] /Users/dls/projects/rune/rune-python-generator/FINOS/rune-python-generator/src/main/java/com/regnosys/rosetta/generator/python/PythonCodeGenerator.java:154:5: Class 'PythonCodeGenerator' looks like designed for extension (can be subclassed), but the method 'afterAllGenerate' does not have javadoc that explains how to do that safely. If class is not designed for extension consider making the class 'PythonCodeGenerator' final or making the method 'afterAllGenerate' static/final/abstract/empty, or adding allowed annotation for the method. [DesignForExtension]
[WARN] /Users/dls/projects/rune/rune-python-generator/FINOS/rune-python-generator/src/main/java/com/regnosys/rosetta/generator/python/PythonCodeGenerator.java:190:53: 'subfolders' hides a field. [HiddenField]
[WARN] /Users/dls/projects/rune/rune-python-generator/FINOS/rune-python-generator/src/main/java/com/regnosys/rosetta/generator/python/PythonCodeGenerator.java:208:60: 'subfolders' hides a field. [HiddenField]
[WARN] /Users/dls/projects/rune/rune-python-generator/FINOS/rune-python-generator/src/main/java/com/regnosys/rosetta/generator/python/enums/PythonEnumGenerator.java:10:17: Using the '.*' form of import should be avoided - java.util.*. [AvoidStarImport]
[WARN] /Users/dls/projects/rune/rune-python-generator/FINOS/rune-python-generator/src/main/java/com/regnosys/rosetta/generator/python/enums/PythonEnumGenerator.java:72:63: Avoid inline conditionals. [AvoidInlineConditionals]
[WARN] /Users/dls/projects/rune/rune-python-generator/FINOS/rune-python-generator/src/main/java/com/regnosys/rosetta/generator/python/object/PythonModelObjectGenerator.java:17:17: Using the '.*' form of import should be avoided - java.util.*. [AvoidStarImport]
[WARN] /Users/dls/projects/rune/rune-python-generator/FINOS/rune-python-generator/src/main/java/com/regnosys/rosetta/generator/python/object/PythonModelObjectGenerator.java:25:5: Missing a Javadoc comment. [JavadocVariable]
[WARN] /Users/dls/projects/rune/rune-python-generator/FINOS/rune-python-generator/src/main/java/com/regnosys/rosetta/generator/python/object/PythonModelObjectGenerator.java:28:5: Missing a Javadoc comment. [JavadocVariable]
[WARN] /Users/dls/projects/rune/rune-python-generator/FINOS/rune-python-generator/src/main/java/com/regnosys/rosetta/generator/python/object/PythonModelObjectGenerator.java:31:5: Missing a Javadoc comment. [JavadocVariable]
[WARN] /Users/dls/projects/rune/rune-python-generator/FINOS/rune-python-generator/src/main/java/com/regnosys/rosetta/generator/python/object/PythonModelObjectGenerator.java:34:5: Missing a Javadoc comment. [JavadocVariable]
[WARN] /Users/dls/projects/rune/rune-python-generator/FINOS/rune-python-generator/src/main/java/com/regnosys/rosetta/generator/python/object/PythonModelObjectGenerator.java:37:5: Missing a Javadoc comment. [JavadocVariable]
[WARN] /Users/dls/projects/rune/rune-python-generator/FINOS/rune-python-generator/src/main/java/com/regnosys/rosetta/generator/python/object/PythonModelObjectGenerator.java:38:5: Missing a Javadoc comment. [JavadocVariable]
[WARN] /Users/dls/projects/rune/rune-python-generator/FINOS/rune-python-generator/src/main/java/com/regnosys/rosetta/generator/python/object/PythonModelObjectGenerator.java:40:5: Class 'PythonModelObjectGenerator' looks like designed for extension (can be subclassed), but the method 'beforeAllGenerate' does not have javadoc that explains how to do that safely. If class is not designed for extension consider making the class 'PythonModelObjectGenerator' final or making the method 'beforeAllGenerate' static/final/abstract/empty, or adding allowed annotation for the method. [DesignForExtension]
[WARN] /Users/dls/projects/rune/rune-python-generator/FINOS/rune-python-generator/src/main/java/com/regnosys/rosetta/generator/python/object/PythonModelObjectGenerator.java:81:5: Class 'PythonModelObjectGenerator' looks like designed for extension (can be subclassed), but the method 'afterAllGenerate' does not have javadoc that explains how to do that safely. If class is not designed for extension consider making the class 'PythonModelObjectGenerator' final or making the method 'afterAllGenerate' static/final/abstract/empty, or adding allowed annotation for the method. [DesignForExtension]
[WARN] /Users/dls/projects/rune/rune-python-generator/FINOS/rune-python-generator/src/main/java/com/regnosys/rosetta/generator/python/object/PythonModelObjectGenerator.java:173:13: switch without "default" clause. [MissingSwitchDefault]
[WARN] /Users/dls/projects/rune/rune-python-generator/FINOS/rune-python-generator/src/main/java/com/regnosys/rosetta/generator/python/object/PythonModelObjectGenerator.java:232:17: Avoid inline conditionals. [AvoidInlineConditionals]
[WARN] /Users/dls/projects/rune/rune-python-generator/FINOS/rune-python-generator/src/main/java/com/regnosys/rosetta/generator/python/object/PythonAttributeProcessor.java:6:34: Using the '.*' form of import should be avoided - com.regnosys.rosetta.types.*. [AvoidStarImport]
[WARN] /Users/dls/projects/rune/rune-python-generator/FINOS/rune-python-generator/src/main/java/com/regnosys/rosetta/generator/python/object/PythonAttributeProcessor.java:12:17: Using the '.*' form of import should be avoided - java.util.*. [AvoidStarImport]
[WARN] /Users/dls/projects/rune/rune-python-generator/FINOS/rune-python-generator/src/main/java/com/regnosys/rosetta/generator/python/object/PythonAttributeProcessor.java:20:5: Missing a Javadoc comment. [JavadocVariable]
[WARN] /Users/dls/projects/rune/rune-python-generator/FINOS/rune-python-generator/src/main/java/com/regnosys/rosetta/generator/python/object/PythonAttributeProcessor.java:23:5: Missing a Javadoc comment. [JavadocVariable]
[WARN] /Users/dls/projects/rune/rune-python-generator/FINOS/rune-python-generator/src/main/java/com/regnosys/rosetta/generator/python/object/PythonAttributeProcessor.java:26:5: Class 'PythonAttributeProcessor' looks like designed for extension (can be subclassed), but the method 'generateAllAttributes' does not have javadoc that explains how to do that safely. If class is not designed for extension consider making the class 'PythonAttributeProcessor' final or making the method 'generateAllAttributes' static/final/abstract/empty, or adding allowed annotation for the method. [DesignForExtension]
[WARN] /Users/dls/projects/rune/rune-python-generator/FINOS/rune-python-generator/src/main/java/com/regnosys/rosetta/generator/python/object/PythonAttributeProcessor.java:83:17: Avoid inline conditionals. [AvoidInlineConditionals]
[WARN] /Users/dls/projects/rune/rune-python-generator/FINOS/rune-python-generator/src/main/java/com/regnosys/rosetta/generator/python/object/PythonAttributeProcessor.java:87:17: Avoid inline conditionals. [AvoidInlineConditionals]
[WARN] /Users/dls/projects/rune/rune-python-generator/FINOS/rune-python-generator/src/main/java/com/regnosys/rosetta/generator/python/object/PythonAttributeProcessor.java:99:17: Avoid inline conditionals. [AvoidInlineConditionals]
[WARN] /Users/dls/projects/rune/rune-python-generator/FINOS/rune-python-generator/src/main/java/com/regnosys/rosetta/generator/python/object/PythonAttributeProcessor.java:160:57: Avoid inline conditionals. [AvoidInlineConditionals]
[WARN] /Users/dls/projects/rune/rune-python-generator/FINOS/rune-python-generator/src/main/java/com/regnosys/rosetta/generator/python/object/PythonAttributeProcessor.java:167:39: Avoid inline conditionals. [AvoidInlineConditionals]
[WARN] /Users/dls/projects/rune/rune-python-generator/FINOS/rune-python-generator/src/main/java/com/regnosys/rosetta/generator/python/object/PythonAttributeProcessor.java:208:17: 'if' construct must use '{}'s. [NeedBraces]
[WARN] /Users/dls/projects/rune/rune-python-generator/FINOS/rune-python-generator/src/main/java/com/regnosys/rosetta/generator/python/object/PythonAttributeProcessor.java:285:5: Class 'PythonAttributeProcessor' looks like designed for extension (can be subclassed), but the method 'getImportsFromAttributes' does not have javadoc that explains how to do that safely. If class is not designed for extension consider making the class 'PythonAttributeProcessor' final or making the method 'getImportsFromAttributes' static/final/abstract/empty, or adding allowed annotation for the method. [DesignForExtension]
[WARN] /Users/dls/projects/rune/rune-python-generator/FINOS/rune-python-generator/src/main/java/com/regnosys/rosetta/generator/python/object/PythonChoiceAliasProcessor.java:11:17: Using the '.*' form of import should be avoided - java.util.*. [AvoidStarImport]
[WARN] /Users/dls/projects/rune/rune-python-generator/FINOS/rune-python-generator/src/main/java/com/regnosys/rosetta/generator/python/object/PythonChoiceAliasProcessor.java:19:5: Missing a Javadoc comment. [JavadocVariable]
[WARN] /Users/dls/projects/rune/rune-python-generator/FINOS/rune-python-generator/src/main/java/com/regnosys/rosetta/generator/python/object/PythonChoiceAliasProcessor.java:90:29: Avoid inline conditionals. [AvoidInlineConditionals]
[WARN] /Users/dls/projects/rune/rune-python-generator/FINOS/rune-python-generator/src/main/java/com/regnosys/rosetta/generator/python/object/PythonChoiceAliasProcessor.java:101:41: Avoid inline conditionals. [AvoidInlineConditionals]
[WARN] /Users/dls/projects/rune/rune-python-generator/FINOS/rune-python-generator/src/main/java/com/regnosys/rosetta/generator/python/expressions/PythonExpressionGenerator.java:4:36: Using the '.*' form of import should be avoided - com.regnosys.rosetta.rosetta.*. [AvoidStarImport]
[WARN] /Users/dls/projects/rune/rune-python-generator/FINOS/rune-python-generator/src/main/java/com/regnosys/rosetta/generator/python/expressions/PythonExpressionGenerator.java:5:47: Using the '.*' form of import should be avoided - com.regnosys.rosetta.rosetta.expression.*. [AvoidStarImport]
[WARN] /Users/dls/projects/rune/rune-python-generator/FINOS/rune-python-generator/src/main/java/com/regnosys/rosetta/generator/python/expressions/PythonExpressionGenerator.java:21:5: Missing a Javadoc comment. [JavadocVariable]
[WARN] /Users/dls/projects/rune/rune-python-generator/FINOS/rune-python-generator/src/main/java/com/regnosys/rosetta/generator/python/expressions/PythonExpressionGenerator.java:22:5: Missing a Javadoc comment. [JavadocVariable]
[WARN] /Users/dls/projects/rune/rune-python-generator/FINOS/rune-python-generator/src/main/java/com/regnosys/rosetta/generator/python/expressions/PythonExpressionGenerator.java:23:5: Missing a Javadoc comment. [JavadocVariable]
[WARN] /Users/dls/projects/rune/rune-python-generator/FINOS/rune-python-generator/src/main/java/com/regnosys/rosetta/generator/python/expressions/PythonExpressionGenerator.java:25:5: Class 'PythonExpressionGenerator' looks like designed for extension (can be subclassed), but the method 'getImportsFound' does not have javadoc that explains how to do that safely. If class is not designed for extension consider making the class 'PythonExpressionGenerator' final or making the method 'getImportsFound' static/final/abstract/empty, or adding allowed annotation for the method. [DesignForExtension]
[WARN] /Users/dls/projects/rune/rune-python-generator/FINOS/rune-python-generator/src/main/java/com/regnosys/rosetta/generator/python/expressions/PythonExpressionGenerator.java:29:5: Class 'PythonExpressionGenerator' looks like designed for extension (can be subclassed), but the method 'setImportsFound' does not have javadoc that explains how to do that safely. If class is not designed for extension consider making the class 'PythonExpressionGenerator' final or making the method 'setImportsFound' static/final/abstract/empty, or adding allowed annotation for the method. [DesignForExtension]
[WARN] /Users/dls/projects/rune/rune-python-generator/FINOS/rune-python-generator/src/main/java/com/regnosys/rosetta/generator/python/expressions/PythonExpressionGenerator.java:33:5: Class 'PythonExpressionGenerator' looks like designed for extension (can be subclassed), but the method 'getIfCondBlocks' does not have javadoc that explains how to do that safely. If class is not designed for extension consider making the class 'PythonExpressionGenerator' final or making the method 'getIfCondBlocks' static/final/abstract/empty, or adding allowed annotation for the method. [DesignForExtension]
[WARN] /Users/dls/projects/rune/rune-python-generator/FINOS/rune-python-generator/src/main/java/com/regnosys/rosetta/generator/python/expressions/PythonExpressionGenerator.java:37:5: Class 'PythonExpressionGenerator' looks like designed for extension (can be subclassed), but the method 'setIfCondBlocks' does not have javadoc that explains how to do that safely. If class is not designed for extension consider making the class 'PythonExpressionGenerator' final or making the method 'setIfCondBlocks' static/final/abstract/empty, or adding allowed annotation for the method. [DesignForExtension]
[WARN] /Users/dls/projects/rune/rune-python-generator/FINOS/rune-python-generator/src/main/java/com/regnosys/rosetta/generator/python/expressions/PythonExpressionGenerator.java:41:5: Class 'PythonExpressionGenerator' looks like designed for extension (can be subclassed), but the method 'isSwitchCond' does not have javadoc that explains how to do that safely. If class is not designed for extension consider making the class 'PythonExpressionGenerator' final or making the method 'isSwitchCond' static/final/abstract/empty, or adding allowed annotation for the method. [DesignForExtension]
[WARN] /Users/dls/projects/rune/rune-python-generator/FINOS/rune-python-generator/src/main/java/com/regnosys/rosetta/generator/python/expressions/PythonExpressionGenerator.java:45:5: Class 'PythonExpressionGenerator' looks like designed for extension (can be subclassed), but the method 'generateExpression' does not have javadoc that explains how to do that safely. If class is not designed for extension consider making the class 'PythonExpressionGenerator' final or making the method 'generateExpression' static/final/abstract/empty, or adding allowed annotation for the method. [DesignForExtension]
[WARN] /Users/dls/projects/rune/rune-python-generator/FINOS/rune-python-generator/src/main/java/com/regnosys/rosetta/generator/python/expressions/PythonExpressionGenerator.java:46:9: 'if' construct must use '{}'s. [NeedBraces]
[WARN] /Users/dls/projects/rune/rune-python-generator/FINOS/rune-python-generator/src/main/java/com/regnosys/rosetta/generator/python/expressions/PythonExpressionGenerator.java:50:35: Avoid inline conditionals. [AvoidInlineConditionals]
[WARN] /Users/dls/projects/rune/rune-python-generator/FINOS/rune-python-generator/src/main/java/com/regnosys/rosetta/generator/python/expressions/PythonExpressionGenerator.java:142:17: Avoid inline conditionals. [AvoidInlineConditionals]
[WARN] /Users/dls/projects/rune/rune-python-generator/FINOS/rune-python-generator/src/main/java/com/regnosys/rosetta/generator/python/expressions/PythonExpressionGenerator.java:167:35: Avoid inline conditionals. [AvoidInlineConditionals]
[WARN] /Users/dls/projects/rune/rune-python-generator/FINOS/rune-python-generator/src/main/java/com/regnosys/rosetta/generator/python/expressions/PythonExpressionGenerator.java:176:56: Avoid inline conditionals. [AvoidInlineConditionals]
[WARN] /Users/dls/projects/rune/rune-python-generator/FINOS/rune-python-generator/src/main/java/com/regnosys/rosetta/generator/python/expressions/PythonExpressionGenerator.java:197:17: Avoid inline conditionals. [AvoidInlineConditionals]
[WARN] /Users/dls/projects/rune/rune-python-generator/FINOS/rune-python-generator/src/main/java/com/regnosys/rosetta/generator/python/expressions/PythonExpressionGenerator.java:244:55: Avoid inline conditionals. [AvoidInlineConditionals]
[WARN] /Users/dls/projects/rune/rune-python-generator/FINOS/rune-python-generator/src/main/java/com/regnosys/rosetta/generator/python/expressions/PythonExpressionGenerator.java:245:58: Avoid inline conditionals. [AvoidInlineConditionals]
[WARN] /Users/dls/projects/rune/rune-python-generator/FINOS/rune-python-generator/src/main/java/com/regnosys/rosetta/generator/python/expressions/PythonExpressionGenerator.java:256:42: Avoid inline conditionals. [AvoidInlineConditionals]
[WARN] /Users/dls/projects/rune/rune-python-generator/FINOS/rune-python-generator/src/main/java/com/regnosys/rosetta/generator/python/expressions/PythonExpressionGenerator.java:299:29: Avoid inline conditionals. [AvoidInlineConditionals]
[WARN] /Users/dls/projects/rune/rune-python-generator/FINOS/rune-python-generator/src/main/java/com/regnosys/rosetta/generator/python/expressions/PythonExpressionGenerator.java:358:5: Class 'PythonExpressionGenerator' looks like designed for extension (can be subclassed), but the method 'generateTypeOrFunctionConditions' does not have javadoc that explains how to do that safely. If class is not designed for extension consider making the class 'PythonExpressionGenerator' final or making the method 'generateTypeOrFunctionConditions' static/final/abstract/empty, or adding allowed annotation for the method. [DesignForExtension]
[WARN] /Users/dls/projects/rune/rune-python-generator/FINOS/rune-python-generator/src/main/java/com/regnosys/rosetta/generator/python/expressions/PythonExpressionGenerator.java:373:5: Class 'PythonExpressionGenerator' looks like designed for extension (can be subclassed), but the method 'generateFunctionConditions' does not have javadoc that explains how to do that safely. If class is not designed for extension consider making the class 'PythonExpressionGenerator' final or making the method 'generateFunctionConditions' static/final/abstract/empty, or adding allowed annotation for the method. [DesignForExtension]
[WARN] /Users/dls/projects/rune/rune-python-generator/FINOS/rune-python-generator/src/main/java/com/regnosys/rosetta/generator/python/expressions/PythonExpressionGenerator.java:373:81: Name 'condition_type' must match pattern '^[a-z][a-zA-Z0-9]*$'. [ParameterName]
[WARN] /Users/dls/projects/rune/rune-python-generator/FINOS/rune-python-generator/src/main/java/com/regnosys/rosetta/generator/python/expressions/PythonExpressionGenerator.java:384:5: Class 'PythonExpressionGenerator' looks like designed for extension (can be subclassed), but the method 'generateThenElseForFunction' does not have javadoc that explains how to do that safely. If class is not designed for extension consider making the class 'PythonExpressionGenerator' final or making the method 'generateThenElseForFunction' static/final/abstract/empty, or adding allowed annotation for the method. [DesignForExtension]
[WARN] /Users/dls/projects/rune/rune-python-generator/FINOS/rune-python-generator/src/main/java/com/regnosys/rosetta/generator/python/expressions/PythonExpressionGenerator.java:413:46: Avoid inline conditionals. [AvoidInlineConditionals]
[WARN] /Users/dls/projects/rune/rune-python-generator/FINOS/rune-python-generator/src/main/java/com/regnosys/rosetta/generator/python/expressions/PythonExpressionGenerator.java:422:97: Name 'condition_type' must match pattern '^[a-z][a-zA-Z0-9]*$'. [ParameterName]
[WARN] /Users/dls/projects/rune/rune-python-generator/FINOS/rune-python-generator/src/main/java/com/regnosys/rosetta/generator/python/expressions/PythonExpressionGenerator.java:425:46: Avoid inline conditionals. [AvoidInlineConditionals]
[WARN] /Users/dls/projects/rune/rune-python-generator/FINOS/rune-python-generator/src/main/java/com/regnosys/rosetta/generator/python/expressions/PythonExpressionGenerator.java:465:5: Class 'PythonExpressionGenerator' looks like designed for extension (can be subclassed), but the method 'addImportsFromConditions' does not have javadoc that explains how to do that safely. If class is not designed for extension consider making the class 'PythonExpressionGenerator' final or making the method 'addImportsFromConditions' static/final/abstract/empty, or adding allowed annotation for the method. [DesignForExtension]
[WARN] /Users/dls/projects/rune/rune-python-generator/FINOS/rune-python-generator/src/main/java/com/regnosys/rosetta/generator/python/functions/PythonFunctionGenerator.java:11:43: Using the '.*' form of import should be avoided - com.regnosys.rosetta.rosetta.simple.*. [AvoidStarImport]
[WARN] /Users/dls/projects/rune/rune-python-generator/FINOS/rune-python-generator/src/main/java/com/regnosys/rosetta/generator/python/functions/PythonFunctionGenerator.java:17:17: Using the '.*' form of import should be avoided - java.util.*. [AvoidStarImport]
[WARN] /Users/dls/projects/rune/rune-python-generator/FINOS/rune-python-generator/src/main/java/com/regnosys/rosetta/generator/python/functions/PythonFunctionGenerator.java:21:5: Missing a Javadoc comment. [JavadocVariable]
[WARN] /Users/dls/projects/rune/rune-python-generator/FINOS/rune-python-generator/src/main/java/com/regnosys/rosetta/generator/python/functions/PythonFunctionGenerator.java:23:5: Missing a Javadoc comment. [JavadocVariable]
[WARN] /Users/dls/projects/rune/rune-python-generator/FINOS/rune-python-generator/src/main/java/com/regnosys/rosetta/generator/python/functions/PythonFunctionGenerator.java:25:5: Missing a Javadoc comment. [JavadocVariable]
[WARN] /Users/dls/projects/rune/rune-python-generator/FINOS/rune-python-generator/src/main/java/com/regnosys/rosetta/generator/python/functions/PythonFunctionGenerator.java:28:5: Missing a Javadoc comment. [JavadocVariable]
[WARN] /Users/dls/projects/rune/rune-python-generator/FINOS/rune-python-generator/src/main/java/com/regnosys/rosetta/generator/python/functions/PythonFunctionGenerator.java:146:21: Avoid inline conditionals. [AvoidInlineConditionals]
[WARN] /Users/dls/projects/rune/rune-python-generator/FINOS/rune-python-generator/src/main/java/com/regnosys/rosetta/generator/python/functions/PythonFunctionGenerator.java:317:106: Avoid inline conditionals. [AvoidInlineConditionals]
[WARN] /Users/dls/projects/rune/rune-python-generator/FINOS/rune-python-generator/src/main/java/com/regnosys/rosetta/generator/python/functions/PythonFunctionGenerator.java:336:88: Avoid inline conditionals. [AvoidInlineConditionals]
[WARN] /Users/dls/projects/rune/rune-python-generator/FINOS/rune-python-generator/src/main/java/com/regnosys/rosetta/generator/python/functions/PythonFunctionGenerator.java:343:83: '+' should be on a new line. [OperatorWrap]
[WARN] /Users/dls/projects/rune/rune-python-generator/FINOS/rune-python-generator/src/main/java/com/regnosys/rosetta/generator/python/functions/PythonFunctionGenerator.java:349:34: '+' should be on a new line. [OperatorWrap]
[WARN] /Users/dls/projects/rune/rune-python-generator/FINOS/rune-python-generator/src/main/java/com/regnosys/rosetta/generator/python/functions/PythonFunctionGenerator.java:390:20: Name '_get_rune_object' must match pattern '^[a-z][a-zA-Z0-9]*$'. [MethodName]
[WARN] /Users/dls/projects/rune/rune-python-generator/FINOS/rune-python-generator/src/main/java/com/regnosys/rosetta/generator/python/functions/PythonFunctionGenerator.java:395:5: Class 'PythonFunctionGenerator' looks like designed for extension (can be subclassed), but the method 'addImportsFromConditions' does not have javadoc that explains how to do that safely. If class is not designed for extension consider making the class 'PythonFunctionGenerator' final or making the method 'addImportsFromConditions' static/final/abstract/empty, or adding allowed annotation for the method. [DesignForExtension]
[WARN] /Users/dls/projects/rune/rune-python-generator/FINOS/rune-python-generator/src/main/java/com/regnosys/rosetta/generator/python/functions/FunctionDependencyProvider.java:3:36: Using the '.*' form of import should be avoided - com.regnosys.rosetta.rosetta.*. [AvoidStarImport]
[WARN] /Users/dls/projects/rune/rune-python-generator/FINOS/rune-python-generator/src/main/java/com/regnosys/rosetta/generator/python/functions/FunctionDependencyProvider.java:4:47: Using the '.*' form of import should be avoided - com.regnosys.rosetta.rosetta.expression.*. [AvoidStarImport]
[WARN] /Users/dls/projects/rune/rune-python-generator/FINOS/rune-python-generator/src/main/java/com/regnosys/rosetta/generator/python/functions/FunctionDependencyProvider.java:13:17: Using the '.*' form of import should be avoided - java.util.*. [AvoidStarImport]
[WARN] /Users/dls/projects/rune/rune-python-generator/FINOS/rune-python-generator/src/main/java/com/regnosys/rosetta/generator/python/functions/FunctionDependencyProvider.java:21:5: Missing a Javadoc comment. [JavadocVariable]
[WARN] /Users/dls/projects/rune/rune-python-generator/FINOS/rune-python-generator/src/main/java/com/regnosys/rosetta/generator/python/functions/FunctionDependencyProvider.java:24:5: Missing a Javadoc comment. [JavadocVariable]
[WARN] /Users/dls/projects/rune/rune-python-generator/FINOS/rune-python-generator/src/main/java/com/regnosys/rosetta/generator/python/functions/FunctionDependencyProvider.java:26:5: Class 'FunctionDependencyProvider' looks like designed for extension (can be subclassed), but the method 'findDependencies' does not have javadoc that explains how to do that safely. If class is not designed for extension consider making the class 'FunctionDependencyProvider' final or making the method 'findDependencies' static/final/abstract/empty, or adding allowed annotation for the method. [DesignForExtension]
[WARN] /Users/dls/projects/rune/rune-python-generator/FINOS/rune-python-generator/src/main/java/com/regnosys/rosetta/generator/python/functions/FunctionDependencyProvider.java:33:5: Class 'FunctionDependencyProvider' looks like designed for extension (can be subclassed), but the method 'generateDependencies' does not have javadoc that explains how to do that safely. If class is not designed for extension consider making the class 'FunctionDependencyProvider' final or making the method 'generateDependencies' static/final/abstract/empty, or adding allowed annotation for the method. [DesignForExtension]
[WARN] /Users/dls/projects/rune/rune-python-generator/FINOS/rune-python-generator/src/main/java/com/regnosys/rosetta/generator/python/functions/FunctionDependencyProvider.java:77:62: '||' should be on a new line. [OperatorWrap]
[WARN] /Users/dls/projects/rune/rune-python-generator/FINOS/rune-python-generator/src/main/java/com/regnosys/rosetta/generator/python/functions/FunctionDependencyProvider.java:78:61: '||' should be on a new line. [OperatorWrap]
[WARN] /Users/dls/projects/rune/rune-python-generator/FINOS/rune-python-generator/src/main/java/com/regnosys/rosetta/generator/python/functions/FunctionDependencyProvider.java:79:50: '||' should be on a new line. [OperatorWrap]
[WARN] /Users/dls/projects/rune/rune-python-generator/FINOS/rune-python-generator/src/main/java/com/regnosys/rosetta/generator/python/functions/FunctionDependencyProvider.java:80:59: '||' should be on a new line. [OperatorWrap]
[WARN] /Users/dls/projects/rune/rune-python-generator/FINOS/rune-python-generator/src/main/java/com/regnosys/rosetta/generator/python/functions/FunctionDependencyProvider.java:81:49: '||' should be on a new line. [OperatorWrap]
[WARN] /Users/dls/projects/rune/rune-python-generator/FINOS/rune-python-generator/src/main/java/com/regnosys/rosetta/generator/python/functions/FunctionDependencyProvider.java:95:5: Class 'FunctionDependencyProvider' looks like designed for extension (can be subclassed), but the method 'findDependenciesFromIterable' does not have javadoc that explains how to do that safely. If class is not designed for extension consider making the class 'FunctionDependencyProvider' final or making the method 'findDependenciesFromIterable' static/final/abstract/empty, or adding allowed annotation for the method. [DesignForExtension]
[WARN] /Users/dls/projects/rune/rune-python-generator/FINOS/rune-python-generator/src/main/java/com/regnosys/rosetta/generator/python/functions/FunctionDependencyProvider.java:104:5: Class 'FunctionDependencyProvider' looks like designed for extension (can be subclassed), but the method 'rFunctionDependencies' does not have javadoc that explains how to do that safely. If class is not designed for extension consider making the class 'FunctionDependencyProvider' final or making the method 'rFunctionDependencies' static/final/abstract/empty, or adding allowed annotation for the method. [DesignForExtension]
[WARN] /Users/dls/projects/rune/rune-python-generator/FINOS/rune-python-generator/src/main/java/com/regnosys/rosetta/generator/python/functions/FunctionDependencyProvider.java:118:5: Class 'FunctionDependencyProvider' looks like designed for extension (can be subclassed), but the method 'rFunctionDependencies' does not have javadoc that explains how to do that safely. If class is not designed for extension consider making the class 'FunctionDependencyProvider' final or making the method 'rFunctionDependencies' static/final/abstract/empty, or adding allowed annotation for the method. [DesignForExtension]
[WARN] /Users/dls/projects/rune/rune-python-generator/FINOS/rune-python-generator/src/main/java/com/regnosys/rosetta/generator/python/functions/FunctionDependencyProvider.java:127:5: Class 'FunctionDependencyProvider' looks like designed for extension (can be subclassed), but the method 'reset' does not have javadoc that explains how to do that safely. If class is not designed for extension consider making the class 'FunctionDependencyProvider' final or making the method 'reset' static/final/abstract/empty, or adding allowed annotation for the method. [DesignForExtension]
[WARN] /Users/dls/projects/rune/rune-python-generator/FINOS/rune-python-generator/src/main/java/com/regnosys/rosetta/generator/python/PythonCodeGeneratorCLI.java:1: File does not end with a newline. [NewlineAtEndOfFile]
[WARN] /Users/dls/projects/rune/rune-python-generator/FINOS/rune-python-generator/src/main/java/com/regnosys/rosetta/generator/python/PythonCodeGeneratorCLI.java:12:30: Using the '.*' form of import should be avoided - org.apache.commons.cli.*. [AvoidStarImport]
[WARN] /Users/dls/projects/rune/rune-python-generator/FINOS/rune-python-generator/src/main/java/com/regnosys/rosetta/generator/python/PythonCodeGeneratorCLI.java:21:21: Using the '.*' form of import should be avoided - java.nio.file.*. [AvoidStarImport]
[WARN] /Users/dls/projects/rune/rune-python-generator/FINOS/rune-python-generator/src/main/java/com/regnosys/rosetta/generator/python/PythonCodeGeneratorCLI.java:22:17: Using the '.*' form of import should be avoided - java.util.*. [AvoidStarImport]
[WARN] /Users/dls/projects/rune/rune-python-generator/FINOS/rune-python-generator/src/main/java/com/regnosys/rosetta/generator/python/PythonCodeGeneratorCLI.java:36: Line is longer than 120 characters (found 148). [LineLength]
[WARN] /Users/dls/projects/rune/rune-python-generator/FINOS/rune-python-generator/src/main/java/com/regnosys/rosetta/generator/python/PythonCodeGeneratorCLI.java:37: Line is longer than 120 characters (found 149). [LineLength]
[WARN] /Users/dls/projects/rune/rune-python-generator/FINOS/rune-python-generator/src/main/java/com/regnosys/rosetta/generator/python/PythonCodeGeneratorCLI.java:40: Line is longer than 120 characters (found 144). [LineLength]
[WARN] /Users/dls/projects/rune/rune-python-generator/FINOS/rune-python-generator/src/main/java/com/regnosys/rosetta/generator/python/PythonCodeGeneratorCLI.java:42: Line is longer than 120 characters (found 146). [LineLength]
[WARN] /Users/dls/projects/rune/rune-python-generator/FINOS/rune-python-generator/src/main/java/com/regnosys/rosetta/generator/python/PythonCodeGeneratorCLI.java:63:1: Utility classes should not have a public or default constructor. [HideUtilityClassConstructor]
[WARN] /Users/dls/projects/rune/rune-python-generator/FINOS/rune-python-generator/src/main/java/com/regnosys/rosetta/generator/python/PythonCodeGeneratorCLI.java:64:5: Missing a Javadoc comment. [JavadocVariable]
[WARN] /Users/dls/projects/rune/rune-python-generator/FINOS/rune-python-generator/src/main/java/com/regnosys/rosetta/generator/python/PythonCodeGeneratorCLI.java:69: Line is longer than 120 characters (found 130). [LineLength]
[WARN] /Users/dls/projects/rune/rune-python-generator/FINOS/rune-python-generator/src/main/java/com/regnosys/rosetta/generator/python/PythonCodeGeneratorCLI.java:70: Line is longer than 120 characters (found 128). [LineLength]
[WARN] /Users/dls/projects/rune/rune-python-generator/FINOS/rune-python-generator/src/main/java/com/regnosys/rosetta/generator/python/PythonCodeGeneratorCLI.java:71: Line is longer than 120 characters (found 149). [LineLength]
[WARN] /Users/dls/projects/rune/rune-python-generator/FINOS/rune-python-generator/src/main/java/com/regnosys/rosetta/generator/python/PythonCodeGeneratorCLI.java:107:48: '(' is preceded with whitespace. [MethodParamPad]
[WARN] /Users/dls/projects/rune/rune-python-generator/FINOS/rune-python-generator/src/main/java/com/regnosys/rosetta/generator/python/PythonCodeGeneratorCLI.java:128:49: '(' is preceded with whitespace. [MethodParamPad]
[WARN] /Users/dls/projects/rune/rune-python-generator/FINOS/rune-python-generator/src/main/java/com/regnosys/rosetta/generator/python/PythonCodeGeneratorCLI.java:158:23: '(' is preceded with whitespace. [MethodParamPad]
[WARN] /Users/dls/projects/rune/rune-python-generator/FINOS/rune-python-generator/src/main/java/com/regnosys/rosetta/generator/python/PythonCodeGeneratorCLI.java:159:23: '(' is preceded with whitespace. [MethodParamPad]
[WARN] /Users/dls/projects/rune/rune-python-generator/FINOS/rune-python-generator/src/main/java/com/regnosys/rosetta/generator/python/PythonCodeGeneratorCLI.java:249:9: Class 'PythonCodeGeneratorInstance' looks like designed for extension (can be subclassed), but the method 'get' does not have javadoc that explains how to do that safely. If class is not designed for extension consider making the class 'PythonCodeGeneratorInstance' final or making the method 'get' static/final/abstract/empty, or adding allowed annotation for the method. [DesignForExtension]
[WARN] /Users/dls/projects/rune/rune-python-generator/FINOS/rune-python-generator/src/test/java/com/regnosys/rosetta/generator/python/PythonGeneratorTestUtils.java:13:17: Using the '.*' form of import should be avoided - java.util.*. [AvoidStarImport]
[WARN] /Users/dls/projects/rune/rune-python-generator/FINOS/rune-python-generator/src/test/java/com/regnosys/rosetta/generator/python/PythonGeneratorTestUtils.java:19:5: Missing a Javadoc comment. [JavadocVariable]
[WARN] /Users/dls/projects/rune/rune-python-generator/FINOS/rune-python-generator/src/test/java/com/regnosys/rosetta/generator/python/PythonGeneratorTestUtils.java:21:5: Missing a Javadoc comment. [JavadocVariable]
[WARN] /Users/dls/projects/rune/rune-python-generator/FINOS/rune-python-generator/src/test/java/com/regnosys/rosetta/generator/python/PythonGeneratorTestUtils.java:23:5: Missing a Javadoc comment. [JavadocVariable]
[WARN] /Users/dls/projects/rune/rune-python-generator/FINOS/rune-python-generator/src/test/java/com/regnosys/rosetta/generator/python/PythonGeneratorTestUtils.java:26:5: Class 'PythonGeneratorTestUtils' looks like designed for extension (can be subclassed), but the method 'cleanFolder' does not have javadoc that explains how to do that safely. If class is not designed for extension consider making the class 'PythonGeneratorTestUtils' final or making the method 'cleanFolder' static/final/abstract/empty, or adding allowed annotation for the method. [DesignForExtension]
[WARN] /Users/dls/projects/rune/rune-python-generator/FINOS/rune-python-generator/src/test/java/com/regnosys/rosetta/generator/python/PythonGeneratorTestUtils.java:39:5: Class 'PythonGeneratorTestUtils' looks like designed for extension (can be subclassed), but the method 'generatePythonFromRosettaModel' does not have javadoc that explains how to do that safely. If class is not designed for extension consider making the class 'PythonGeneratorTestUtils' final or making the method 'generatePythonFromRosettaModel' static/final/abstract/empty, or adding allowed annotation for the method. [DesignForExtension]
[WARN] /Users/dls/projects/rune/rune-python-generator/FINOS/rune-python-generator/src/test/java/com/regnosys/rosetta/generator/python/PythonGeneratorTestUtils.java:48:5: Class 'PythonGeneratorTestUtils' looks like designed for extension (can be subclassed), but the method 'generatePythonFromString' does not have javadoc that explains how to do that safely. If class is not designed for extension consider making the class 'PythonGeneratorTestUtils' final or making the method 'generatePythonFromString' static/final/abstract/empty, or adding allowed annotation for the method. [DesignForExtension]
[WARN] /Users/dls/projects/rune/rune-python-generator/FINOS/rune-python-generator/src/test/java/com/regnosys/rosetta/generator/python/PythonGeneratorTestUtils.java:64:5: Class 'PythonGeneratorTestUtils' looks like designed for extension (can be subclassed), but the method 'generatePythonAndExtractBundle' does not have javadoc that explains how to do that safely. If class is not designed for extension consider making the class 'PythonGeneratorTestUtils' final or making the method 'generatePythonAndExtractBundle' static/final/abstract/empty, or adding allowed annotation for the method. [DesignForExtension]
[WARN] /Users/dls/projects/rune/rune-python-generator/FINOS/rune-python-generator/src/test/java/com/regnosys/rosetta/generator/python/PythonGeneratorTestUtils.java:69:5: Class 'PythonGeneratorTestUtils' looks like designed for extension (can be subclassed), but the method 'assertGeneratedContainsExpectedString' does not have javadoc that explains how to do that safely. If class is not designed for extension consider making the class 'PythonGeneratorTestUtils' final or making the method 'assertGeneratedContainsExpectedString' static/final/abstract/empty, or adding allowed annotation for the method. [DesignForExtension]
[WARN] /Users/dls/projects/rune/rune-python-generator/FINOS/rune-python-generator/src/test/java/com/regnosys/rosetta/generator/python/PythonGeneratorTestUtils.java:80:5: Class 'PythonGeneratorTestUtils' looks like designed for extension (can be subclassed), but the method 'assertBundleContainsExpectedString' does not have javadoc that explains how to do that safely. If class is not designed for extension consider making the class 'PythonGeneratorTestUtils' final or making the method 'assertBundleContainsExpectedString' static/final/abstract/empty, or adding allowed annotation for the method. [DesignForExtension]
Audit done.
[INFO] You have 0 Checkstyle violations.
[INFO] 
[INFO] --- resources:3.3.1:testResources (default-testResources) @ python ---
[INFO] skip non existing resourceDirectory /Users/dls/projects/rune/rune-python-generator/FINOS/rune-python-generator/src/test/resources
[INFO] 
[INFO] --- compiler:3.14.1:testCompile (default-testCompile) @ python ---
[INFO] Recompiling the module because of changed source code.
[INFO] Compiling 14 source files with javac [debug release 21] to target/test-classes
[INFO] 
[INFO] --- surefire:3.5.4:test (default-test) @ python ---
[INFO] Using auto detected provider org.apache.maven.surefire.junitplatform.JUnitPlatformProvider
[INFO] 
[INFO] -------------------------------------------------------
[INFO]  T E S T S
[INFO] -------------------------------------------------------
[INFO] Running com.regnosys.rosetta.generator.python.exceptions.PythonExceptionsTest
[INFO] Tests run: 3, Failures: 0, Errors: 0, Skipped: 0, Time elapsed: 1.166 s -- in com.regnosys.rosetta.generator.python.exceptions.PythonExceptionsTest
[INFO] Running com.regnosys.rosetta.generator.python.rule.PythonDataRuleGeneratorTest
[WARN] No configuration file was found. Falling back to the default configuration.
[INFO] Tests run: 13, Failures: 0, Errors: 0, Skipped: 0, Time elapsed: 0.434 s -- in com.regnosys.rosetta.generator.python.rule.PythonDataRuleGeneratorTest
[INFO] Running com.regnosys.rosetta.generator.python.object.PythonObjectInheritanceTest
[INFO] Tests run: 3, Failures: 0, Errors: 0, Skipped: 0, Time elapsed: 0.046 s -- in com.regnosys.rosetta.generator.python.object.PythonObjectInheritanceTest
[INFO] Running com.regnosys.rosetta.generator.python.object.PythonObjectGeneratorTest
[INFO] Tests run: 19, Failures: 0, Errors: 0, Skipped: 0, Time elapsed: 0.324 s -- in com.regnosys.rosetta.generator.python.object.PythonObjectGeneratorTest
[INFO] Running com.regnosys.rosetta.generator.python.object.PythonEnumGeneratorTest
[WARNING] Tests run: 6, Failures: 0, Errors: 0, Skipped: 3, Time elapsed: 0.044 s -- in com.regnosys.rosetta.generator.python.object.PythonEnumGeneratorTest
[INFO] Running com.regnosys.rosetta.generator.python.object.PythonObjectGenerationTest
[WARNING] Tests run: 13, Failures: 0, Errors: 0, Skipped: 3, Time elapsed: 0.134 s -- in com.regnosys.rosetta.generator.python.object.PythonObjectGenerationTest
[INFO] Running com.regnosys.rosetta.generator.python.generated_syntax.PythonMetaKeyRefGeneratorTest
[INFO] Tests run: 1, Failures: 0, Errors: 0, Skipped: 0, Time elapsed: 0.016 s -- in com.regnosys.rosetta.generator.python.generated_syntax.PythonMetaKeyRefGeneratorTest
[INFO] Running com.regnosys.rosetta.generator.python.generated_syntax.PythonChoiceGeneratorTest
[INFO] Tests run: 1, Failures: 0, Errors: 0, Skipped: 0, Time elapsed: 0.013 s -- in com.regnosys.rosetta.generator.python.generated_syntax.PythonChoiceGeneratorTest
[INFO] Running com.regnosys.rosetta.generator.python.generated_syntax.PythonMetaDataGeneratorTest
[INFO] Tests run: 10, Failures: 0, Errors: 0, Skipped: 0, Time elapsed: 0.144 s -- in com.regnosys.rosetta.generator.python.generated_syntax.PythonMetaDataGeneratorTest
[INFO] Running com.regnosys.rosetta.generator.python.generated_syntax.PythonBasicGeneratorTest
[INFO] Tests run: 7, Failures: 0, Errors: 0, Skipped: 0, Time elapsed: 0.094 s -- in com.regnosys.rosetta.generator.python.generated_syntax.PythonBasicGeneratorTest
[INFO] Running com.regnosys.rosetta.generator.python.expression.RosettaExistsExpressionTest
[WARNING] Tests run: 1, Failures: 0, Errors: 0, Skipped: 1, Time elapsed: 0.001 s -- in com.regnosys.rosetta.generator.python.expression.RosettaExistsExpressionTest
[INFO] Running com.regnosys.rosetta.generator.python.expression.PythonExpressionGeneratorTest
******* choiceAliases:  for class CRAZYTEST
[ERROR] Tests run: 17, Failures: 1, Errors: 0, Skipped: 1, Time elapsed: 0.217 s <<< FAILURE! -- in com.regnosys.rosetta.generator.python.expression.PythonExpressionGeneratorTest
[ERROR] com.regnosys.rosetta.generator.python.expression.PythonExpressionGeneratorTest.testGenerateOneOfCondition -- Time elapsed: 0.014 s <<< FAILURE!
org.opentest4j.AssertionFailedError: 
generated Python does not match expected
Expected:
class com_rosetta_test_model_CRAZYTEST(BaseDataClass):
    _CHOICE_ALIAS_MAP ={"field1":[]}
    """
    Test one-of condition.
    """
    _FQRTN = 'com.rosetta.test.model.CRAZYTEST'
    field1: Optional[str] = Field(None, description='Test string field 1')
    """
    Test string field 1
    """
    
    @rune_condition
    def condition_0_OneOf(self):
        item = self
        return rune_check_one_of(self, 'field1', necessity=True)
Generated:
# pylint: disable=line-too-long, invalid-name, missing-function-docstring
# pylint: disable=bad-indentation, trailing-whitespace, superfluous-parens
# pylint: disable=wrong-import-position, unused-import, unused-wildcard-import
# pylint: disable=wildcard-import, wrong-import-order, missing-class-docstring
# pylint: disable=missing-module-docstring
from __future__ import annotations
from typing import Optional, Annotated
import datetime
import inspect
from decimal import Decimal
from pydantic import Field
from rune.runtime.base_data_class import BaseDataClass
from rune.runtime.metadata import *
from rune.runtime.utils import *
from rune.runtime.conditions import *
from rune.runtime.func_proxy import *


class com_rosetta_test_model_CRAZYTEST(BaseDataClass):
    """
    Test one-of condition.
    """
    _FQRTN = 'com.rosetta.test.model.CRAZYTEST'
    field1: Optional[str] = Field(None, description='Test string field 1')
    """
    Test string field 1
    """
    
    @rune_condition
    def condition_0_OneOf(self):
        item = self
        return rune_check_one_of(self, 'field1', necessity=True)

# EOF
 ==> expected: <true> but was: <false>
	at org.junit.jupiter.api.AssertionFailureBuilder.build(AssertionFailureBuilder.java:151)
	at org.junit.jupiter.api.AssertionFailureBuilder.buildAndThrow(AssertionFailureBuilder.java:132)
	at org.junit.jupiter.api.AssertTrue.failNotTrue(AssertTrue.java:63)
	at org.junit.jupiter.api.AssertTrue.assertTrue(AssertTrue.java:36)
	at org.junit.jupiter.api.Assertions.assertTrue(Assertions.java:214)
	at com.regnosys.rosetta.generator.python.PythonGeneratorTestUtils.assertGeneratedContainsExpectedString(PythonGeneratorTestUtils.java:77)
	at com.regnosys.rosetta.generator.python.PythonGeneratorTestUtils.assertBundleContainsExpectedString(PythonGeneratorTestUtils.java:83)
	at com.regnosys.rosetta.generator.python.expression.PythonExpressionGeneratorTest.testGenerateOneOfCondition(PythonExpressionGeneratorTest.java:332)
	at java.base/java.lang.reflect.Method.invoke(Method.java:580)
	at java.base/java.util.ArrayList.forEach(ArrayList.java:1596)
	at java.base/java.util.ArrayList.forEach(ArrayList.java:1596)

[INFO] Running com.regnosys.rosetta.generator.python.func.PythonFunctionsTest
[ERROR] Tests run: 14, Failures: 1, Errors: 0, Skipped: 0, Time elapsed: 0.172 s <<< FAILURE! -- in com.regnosys.rosetta.generator.python.func.PythonFunctionsTest
[ERROR] com.regnosys.rosetta.generator.python.func.PythonFunctionsTest.testPostCondition -- Time elapsed: 0.010 s <<< FAILURE!
org.opentest4j.AssertionFailedError: expected: <true> but was: <false>
	at org.junit.jupiter.api.AssertionFailureBuilder.build(AssertionFailureBuilder.java:151)
	at org.junit.jupiter.api.AssertionFailureBuilder.buildAndThrow(AssertionFailureBuilder.java:132)
	at org.junit.jupiter.api.AssertTrue.failNotTrue(AssertTrue.java:63)
	at org.junit.jupiter.api.AssertTrue.assertTrue(AssertTrue.java:36)
	at org.junit.jupiter.api.AssertTrue.assertTrue(AssertTrue.java:31)
	at org.junit.jupiter.api.Assertions.assertTrue(Assertions.java:183)
	at com.regnosys.rosetta.generator.python.func.PythonFunctionsTest.testPostCondition(PythonFunctionsTest.java:2102)
	at java.base/java.lang.reflect.Method.invoke(Method.java:580)
	at java.base/java.util.ArrayList.forEach(ArrayList.java:1596)
	at java.base/java.util.ArrayList.forEach(ArrayList.java:1596)

[INFO] 
[INFO] Results:
[INFO] 
[ERROR] Failures: 
[ERROR]   PythonExpressionGeneratorTest.testGenerateOneOfCondition:332 generated Python does not match expected
Expected:
class com_rosetta_test_model_CRAZYTEST(BaseDataClass):
    _CHOICE_ALIAS_MAP ={"field1":[]}
    """
    Test one-of condition.
    """
    _FQRTN = 'com.rosetta.test.model.CRAZYTEST'
    field1: Optional[str] = Field(None, description='Test string field 1')
    """
    Test string field 1
    """
    
    @rune_condition
    def condition_0_OneOf(self):
        item = self
        return rune_check_one_of(self, 'field1', necessity=True)
Generated:
# pylint: disable=line-too-long, invalid-name, missing-function-docstring
# pylint: disable=bad-indentation, trailing-whitespace, superfluous-parens
# pylint: disable=wrong-import-position, unused-import, unused-wildcard-import
# pylint: disable=wildcard-import, wrong-import-order, missing-class-docstring
# pylint: disable=missing-module-docstring
from __future__ import annotations
from typing import Optional, Annotated
import datetime
import inspect
from decimal import Decimal
from pydantic import Field
from rune.runtime.base_data_class import BaseDataClass
from rune.runtime.metadata import *
from rune.runtime.utils import *
from rune.runtime.conditions import *
from rune.runtime.func_proxy import *


class com_rosetta_test_model_CRAZYTEST(BaseDataClass):
    """
    Test one-of condition.
    """
    _FQRTN = 'com.rosetta.test.model.CRAZYTEST'
    field1: Optional[str] = Field(None, description='Test string field 1')
    """
    Test string field 1
    """
    
    @rune_condition
    def condition_0_OneOf(self):
        item = self
        return rune_check_one_of(self, 'field1', necessity=True)

# EOF
 ==> expected: <true> but was: <false>
[ERROR]   PythonFunctionsTest.testPostCondition:2102 expected: <true> but was: <false>
[INFO] 
[ERROR] Tests run: 108, Failures: 2, Errors: 0, Skipped: 8
[INFO] 
[INFO] ------------------------------------------------------------------------
[INFO] BUILD FAILURE
[INFO] ------------------------------------------------------------------------
[INFO] Total time:  11.282 s
[INFO] Finished at: 2026-01-16T11:05:06-05:00
[INFO] ------------------------------------------------------------------------
[ERROR] Failed to execute goal org.apache.maven.plugins:maven-surefire-plugin:3.5.4:test (default-test) on project python: There are test failures.
[ERROR] 
[ERROR] See /Users/dls/projects/rune/rune-python-generator/FINOS/rune-python-generator/target/surefire-reports for the individual test results.
[ERROR] See dump files (if any exist) [date].dump, [date]-jvmRun[N].dump and [date].dumpstream.
[ERROR] -> [Help 1]
[ERROR] 
[ERROR] To see the full stack trace of the errors, re-run Maven with the -e switch.
[ERROR] Re-run Maven using the -X switch to enable full debug logging.
[ERROR] 
[ERROR] For more information about the errors and possible solutions, please read the following articles:
[ERROR] [Help 1] http://cwiki.apache.org/confluence/display/MAVEN/MojoFailureException
